<?xml version="1.0" encoding="UTF-8"?>
<!-- Generated by org.testng.reporters.JUnitReportReporter -->
<testsuite skipped="0" hostname="venkat" name="ExtentReports.ExtentReportsTest" tests="1" failures="0" timestamp="2020-12-10T10:30:17 IST" time="0.766" errors="0">
  <testcase name="reportTest" time="0.766" classname="ExtentReports.ExtentReportsTest"/>
</testsuite> <!-- ExtentReports.ExtentReportsTest -->
